# JRE version: OpenJDK Runtime Environment (21.0.8) (build 21.0.8+-14196175-b1038.72)
# Java VM: OpenJDK 64-Bit Server VM (21.0.8+-14196175-b1038.72, mixed mode, tiered, compressed oops, compressed class ptrs, g1 gc, windows-amd64)
GC Precious Log:
 CardTable entry size: 512
 Card Set container configuration: InlinePtr #cards 5 size 8 Array Of Cards #cards 12 size 40 Howl #buckets 4 coarsen threshold 1843 Howl Bitmap #cards 512 size 80 coarsen threshold 460 Card regions per heap region 1 cards per card region 2048
 CPUs: 6 total, 6 available
 Memory: 16326M
 Large Page Support: Disabled
 NUMA Support: Disabled
 Compressed Oops: Enabled (32-bit)
 Heap Region Size: 1M
 Heap Min Capacity: 8M
 Heap Initial Capacity: 256M
 Heap Max Capacity: 2G
 Pre-touch: Disabled
 Parallel Workers: 6
 Concurrent Workers: 2
 Concurrent Refinement Workers: 6
 Periodic GC: Disabled
Heap:
 garbage-first heap   total 500736K, used 328060K [0x0000000080000000, 0x0000000100000000)
  region size 1024K, 81 young (82944K), 0 survivors (0K)
 Metaspace       used 237055K, committed 240192K, reserved 1310720K
  class space    used 30978K, committed 32512K, reserved 1048576K
GC Heap History (20 events):
Event: 137.007 GC heap before
{Heap before GC invocations=63 (full 0):
 garbage-first heap   total 406528K, used 372366K [0x0000000080000000, 0x0000000100000000)
  region size 1024K, 135 young (138240K), 12 survivors (12288K)
 Metaspace       used 196525K, committed 199168K, reserved 1245184K
  class space    used 26031K, committed 27328K, reserved 1048576K
}
Event: 137.018 GC heap after
{Heap after GC invocations=64 (full 0):
 garbage-first heap   total 406528K, used 250468K [0x0000000080000000, 0x0000000100000000)
  region size 1024K, 13 young (13312K), 13 survivors (13312K)
 Metaspace       used 196525K, committed 199168K, reserved 1245184K
  class space    used 26031K, committed 27328K, reserved 1048576K
}
Event: 138.005 GC heap before
{Heap before GC invocations=64 (full 0):
 garbage-first heap   total 406528K, used 367204K [0x0000000080000000, 0x0000000100000000)
  region size 1024K, 129 young (132096K), 13 survivors (13312K)
 Metaspace       used 197041K, committed 199616K, reserved 1245184K
  class space    used 26107K, committed 27392K, reserved 1048576K
}
Event: 138.014 GC heap after
{Heap after GC invocations=65 (full 0):
 garbage-first heap   total 406528K, used 256258K [0x0000000080000000, 0x0000000100000000)
  region size 1024K, 14 young (14336K), 14 survivors (14336K)
 Metaspace       used 197041K, committed 199616K, reserved 1245184K
  class space    used 26107K, committed 27392K, reserved 1048576K
}
Event: 139.456 GC heap before
{Heap before GC invocations=66 (full 0):
 garbage-first heap   total 432128K, used 375042K [0x0000000080000000, 0x0000000100000000)
  region size 1024K, 124 young (126976K), 14 survivors (14336K)
 Metaspace       used 209949K, committed 212672K, reserved 1245184K
  class space    used 27689K, committed 29056K, reserved 1048576K
}
Event: 139.465 GC heap after
{Heap after GC invocations=67 (full 0):
 garbage-first heap   total 432128K, used 260670K [0x0000000080000000, 0x0000000100000000)
  region size 1024K, 13 young (13312K), 13 survivors (13312K)
 Metaspace       used 209949K, committed 212672K, reserved 1245184K
  class space    used 27689K, committed 29056K, reserved 1048576K
}
Event: 141.160 GC heap before
{Heap before GC invocations=67 (full 0):
 garbage-first heap   total 432128K, used 393790K [0x0000000080000000, 0x0000000100000000)
  region size 1024K, 144 young (147456K), 13 survivors (13312K)
 Metaspace       used 214391K, committed 217152K, reserved 1245184K
  class space    used 28224K, committed 29568K, reserved 1048576K
}
Event: 141.174 GC heap after
{Heap after GC invocations=68 (full 0):
 garbage-first heap   total 432128K, used 263333K [0x0000000080000000, 0x0000000100000000)
  region size 1024K, 18 young (18432K), 18 survivors (18432K)
 Metaspace       used 214391K, committed 217152K, reserved 1245184K
  class space    used 28224K, committed 29568K, reserved 1048576K
}
Event: 142.570 GC heap before
{Heap before GC invocations=68 (full 0):
 garbage-first heap   total 432128K, used 302245K [0x0000000080000000, 0x0000000100000000)
  region size 1024K, 58 young (59392K), 18 survivors (18432K)
 Metaspace       used 217086K, committed 219904K, reserved 1245184K
  class space    used 28573K, committed 29952K, reserved 1048576K
}
Event: 142.581 GC heap after
{Heap after GC invocations=69 (full 0):
 garbage-first heap   total 432128K, used 268096K [0x0000000080000000, 0x0000000100000000)
  region size 1024K, 4 young (4096K), 4 survivors (4096K)
 Metaspace       used 217086K, committed 219904K, reserved 1245184K
  class space    used 28573K, committed 29952K, reserved 1048576K
}
Event: 157.805 GC heap before
{Heap before GC invocations=70 (full 0):
 garbage-first heap   total 449536K, used 397120K [0x0000000080000000, 0x0000000100000000)
  region size 1024K, 129 young (132096K), 4 survivors (4096K)
 Metaspace       used 218752K, committed 221632K, reserved 1245184K
  class space    used 28793K, committed 30208K, reserved 1048576K
}
Event: 157.814 GC heap after
{Heap after GC invocations=71 (full 0):
 garbage-first heap   total 449536K, used 277923K [0x0000000080000000, 0x0000000100000000)
  region size 1024K, 14 young (14336K), 14 survivors (14336K)
 Metaspace       used 218752K, committed 221632K, reserved 1245184K
  class space    used 28793K, committed 30208K, reserved 1048576K
}
Event: 172.599 GC heap before
{Heap before GC invocations=71 (full 0):
 garbage-first heap   total 449536K, used 410019K [0x0000000080000000, 0x0000000100000000)
  region size 1024K, 144 young (147456K), 14 survivors (14336K)
 Metaspace       used 221569K, committed 224512K, reserved 1245184K
  class space    used 29218K, committed 30656K, reserved 1048576K
}
Event: 172.616 GC heap after
{Heap after GC invocations=72 (full 0):
 garbage-first heap   total 449536K, used 286694K [0x0000000080000000, 0x0000000100000000)
  region size 1024K, 15 young (15360K), 15 survivors (15360K)
 Metaspace       used 221569K, committed 224512K, reserved 1245184K
  class space    used 29218K, committed 30656K, reserved 1048576K
}
Event: 186.266 GC heap before
{Heap before GC invocations=72 (full 0):
 garbage-first heap   total 449536K, used 408550K [0x0000000080000000, 0x0000000100000000)
  region size 1024K, 135 young (138240K), 15 survivors (15360K)
 Metaspace       used 226434K, committed 229376K, reserved 1310720K
  class space    used 29851K, committed 31296K, reserved 1048576K
}
Event: 186.279 GC heap after
{Heap after GC invocations=73 (full 0):
 garbage-first heap   total 449536K, used 297472K [0x0000000080000000, 0x0000000100000000)
  region size 1024K, 11 young (11264K), 11 survivors (11264K)
 Metaspace       used 226434K, committed 229376K, reserved 1310720K
  class space    used 29851K, committed 31296K, reserved 1048576K
}
Event: 188.011 GC heap before
{Heap before GC invocations=74 (full 0):
 garbage-first heap   total 500736K, used 413184K [0x0000000080000000, 0x0000000100000000)
  region size 1024K, 123 young (125952K), 11 survivors (11264K)
 Metaspace       used 232523K, committed 235520K, reserved 1310720K
  class space    used 30479K, committed 31936K, reserved 1048576K
}
Event: 188.022 GC heap after
{Heap after GC invocations=75 (full 0):
 garbage-first heap   total 500736K, used 307352K [0x0000000080000000, 0x0000000100000000)
  region size 1024K, 10 young (10240K), 10 survivors (10240K)
 Metaspace       used 232523K, committed 235520K, reserved 1310720K
  class space    used 30479K, committed 31936K, reserved 1048576K
}
Event: 216.376 GC heap before
{Heap before GC invocations=75 (full 0):
 garbage-first heap   total 500736K, used 423064K [0x0000000080000000, 0x0000000100000000)
  region size 1024K, 124 young (126976K), 10 survivors (10240K)
 Metaspace       used 234956K, committed 238080K, reserved 1310720K
  class space    used 30774K, committed 32320K, reserved 1048576K
}
Event: 216.517 GC heap after
{Heap after GC invocations=76 (full 1):
 garbage-first heap   total 500736K, used 247164K [0x0000000080000000, 0x0000000100000000)
  region size 1024K, 0 young (0K), 0 survivors (0K)
 Metaspace       used 234956K, committed 238080K, reserved 1310720K
  class space    used 30774K, committed 32320K, reserved 1048576K
}

