# JRE version: OpenJDK Runtime Environment (21.0.8) (build 21.0.8+-14196175-b1038.72)
# Java VM: OpenJDK 64-Bit Server VM (21.0.8+-14196175-b1038.72, mixed mode, tiered, compressed oops, compressed class ptrs, g1 gc, windows-amd64)
GC Precious Log:
 CardTable entry size: 512
 Card Set container configuration: InlinePtr #cards 5 size 8 Array Of Cards #cards 12 size 40 Howl #buckets 4 coarsen threshold 1843 Howl Bitmap #cards 512 size 80 coarsen threshold 460 Card regions per heap region 1 cards per card region 2048
 CPUs: 6 total, 6 available
 Memory: 16326M
 Large Page Support: Disabled
 NUMA Support: Disabled
 Compressed Oops: Enabled (32-bit)
 Heap Region Size: 1M
 Heap Min Capacity: 8M
 Heap Initial Capacity: 256M
 Heap Max Capacity: 2G
 Pre-touch: Disabled
 Parallel Workers: 6
 Concurrent Workers: 2
 Concurrent Refinement Workers: 6
 Periodic GC: Disabled
Heap:
 garbage-first heap   total 88064K, used 48830K [0x0000000080000000, 0x0000000100000000)
  region size 1024K, 4 young (4096K), 2 survivors (2048K)
 Metaspace       used 57207K, committed 58688K, reserved 1114112K
  class space    used 8067K, committed 8768K, reserved 1048576K
GC Heap History (20 events):
Event: 1.552 GC heap before
{Heap before GC invocations=2 (full 0):
 garbage-first heap   total 262144K, used 55850K [0x0000000080000000, 0x0000000100000000)
  region size 1024K, 45 young (46080K), 4 survivors (4096K)
 Metaspace       used 13133K, committed 13312K, reserved 1114112K
  class space    used 1492K, committed 1600K, reserved 1048576K
}
Event: 1.555 GC heap after
{Heap after GC invocations=3 (full 0):
 garbage-first heap   total 262144K, used 17516K [0x0000000080000000, 0x0000000100000000)
  region size 1024K, 5 young (5120K), 5 survivors (5120K)
 Metaspace       used 13133K, committed 13312K, reserved 1114112K
  class space    used 1492K, committed 1600K, reserved 1048576K
}
Event: 2.069 GC heap before
{Heap before GC invocations=3 (full 0):
 garbage-first heap   total 262144K, used 44140K [0x0000000080000000, 0x0000000100000000)
  region size 1024K, 32 young (32768K), 5 survivors (5120K)
 Metaspace       used 21259K, committed 21504K, reserved 1114112K
  class space    used 2536K, committed 2624K, reserved 1048576K
}
Event: 2.072 GC heap after
{Heap after GC invocations=4 (full 0):
 garbage-first heap   total 262144K, used 20946K [0x0000000080000000, 0x0000000100000000)
  region size 1024K, 8 young (8192K), 8 survivors (8192K)
 Metaspace       used 21259K, committed 21504K, reserved 1114112K
  class space    used 2536K, committed 2624K, reserved 1048576K
}
Event: 2.880 GC heap before
{Heap before GC invocations=5 (full 0):
 garbage-first heap   total 71680K, used 70098K [0x0000000080000000, 0x0000000100000000)
  region size 1024K, 57 young (58368K), 8 survivors (8192K)
 Metaspace       used 29526K, committed 30080K, reserved 1114112K
  class space    used 3900K, committed 4160K, reserved 1048576K
}
Event: 2.885 GC heap after
{Heap after GC invocations=6 (full 0):
 garbage-first heap   total 82944K, used 24018K [0x0000000080000000, 0x0000000100000000)
  region size 1024K, 11 young (11264K), 11 survivors (11264K)
 Metaspace       used 29526K, committed 30080K, reserved 1114112K
  class space    used 3900K, committed 4160K, reserved 1048576K
}
Event: 3.639 GC heap before
{Heap before GC invocations=6 (full 0):
 garbage-first heap   total 82944K, used 61906K [0x0000000080000000, 0x0000000100000000)
  region size 1024K, 48 young (49152K), 11 survivors (11264K)
 Metaspace       used 34710K, committed 35456K, reserved 1114112K
  class space    used 4785K, committed 5120K, reserved 1048576K
}
Event: 3.644 GC heap after
{Heap after GC invocations=7 (full 0):
 garbage-first heap   total 82944K, used 26042K [0x0000000080000000, 0x0000000100000000)
  region size 1024K, 6 young (6144K), 6 survivors (6144K)
 Metaspace       used 34710K, committed 35456K, reserved 1114112K
  class space    used 4785K, committed 5120K, reserved 1048576K
}
Event: 3.753 GC heap before
{Heap before GC invocations=7 (full 0):
 garbage-first heap   total 82944K, used 32186K [0x0000000080000000, 0x0000000100000000)
  region size 1024K, 13 young (13312K), 6 survivors (6144K)
 Metaspace       used 35365K, committed 36096K, reserved 1114112K
  class space    used 4905K, committed 5248K, reserved 1048576K
}
Event: 3.756 GC heap after
{Heap after GC invocations=8 (full 0):
 garbage-first heap   total 82944K, used 26448K [0x0000000080000000, 0x0000000100000000)
  region size 1024K, 3 young (3072K), 3 survivors (3072K)
 Metaspace       used 35365K, committed 36096K, reserved 1114112K
  class space    used 4905K, committed 5248K, reserved 1048576K
}
Event: 4.619 GC heap before
{Heap before GC invocations=9 (full 0):
 garbage-first heap   total 82944K, used 71504K [0x0000000080000000, 0x0000000100000000)
  region size 1024K, 47 young (48128K), 3 survivors (3072K)
 Metaspace       used 41855K, committed 43008K, reserved 1114112K
  class space    used 6026K, committed 6592K, reserved 1048576K
}
Event: 4.623 GC heap after
{Heap after GC invocations=10 (full 0):
 garbage-first heap   total 82944K, used 29109K [0x0000000080000000, 0x0000000100000000)
  region size 1024K, 6 young (6144K), 6 survivors (6144K)
 Metaspace       used 41855K, committed 43008K, reserved 1114112K
  class space    used 6026K, committed 6592K, reserved 1048576K
}
Event: 5.246 GC heap before
{Heap before GC invocations=10 (full 0):
 garbage-first heap   total 82944K, used 70069K [0x0000000080000000, 0x0000000100000000)
  region size 1024K, 47 young (48128K), 6 survivors (6144K)
 Metaspace       used 47386K, committed 48512K, reserved 1114112K
  class space    used 6608K, committed 7168K, reserved 1048576K
}
Event: 5.254 GC heap after
{Heap after GC invocations=11 (full 0):
 garbage-first heap   total 82944K, used 33340K [0x0000000080000000, 0x0000000100000000)
  region size 1024K, 6 young (6144K), 6 survivors (6144K)
 Metaspace       used 47386K, committed 48512K, reserved 1114112K
  class space    used 6608K, committed 7168K, reserved 1048576K
}
Event: 5.988 GC heap before
{Heap before GC invocations=11 (full 0):
 garbage-first heap   total 82944K, used 75324K [0x0000000080000000, 0x0000000100000000)
  region size 1024K, 43 young (44032K), 6 survivors (6144K)
 Metaspace       used 52232K, committed 53568K, reserved 1114112K
  class space    used 7271K, committed 7936K, reserved 1048576K
}
Event: 5.994 GC heap after
{Heap after GC invocations=12 (full 0):
 garbage-first heap   total 87040K, used 37630K [0x0000000080000000, 0x0000000100000000)
  region size 1024K, 4 young (4096K), 4 survivors (4096K)
 Metaspace       used 52232K, committed 53568K, reserved 1114112K
  class space    used 7271K, committed 7936K, reserved 1048576K
}
Event: 6.572 GC heap before
{Heap before GC invocations=12 (full 0):
 garbage-first heap   total 87040K, used 76542K [0x0000000080000000, 0x0000000100000000)
  region size 1024K, 41 young (41984K), 4 survivors (4096K)
 Metaspace       used 55443K, committed 56832K, reserved 1114112K
  class space    used 7791K, committed 8448K, reserved 1048576K
}
Event: 6.576 GC heap after
{Heap after GC invocations=13 (full 0):
 garbage-first heap   total 88064K, used 45106K [0x0000000080000000, 0x0000000100000000)
  region size 1024K, 6 young (6144K), 6 survivors (6144K)
 Metaspace       used 55443K, committed 56832K, reserved 1114112K
  class space    used 7791K, committed 8448K, reserved 1048576K
}
Event: 6.802 GC heap before
{Heap before GC invocations=13 (full 0):
 garbage-first heap   total 88064K, used 73778K [0x0000000080000000, 0x0000000100000000)
  region size 1024K, 36 young (36864K), 6 survivors (6144K)
 Metaspace       used 57089K, committed 58624K, reserved 1114112K
  class space    used 8030K, committed 8768K, reserved 1048576K
}
Event: 6.804 GC heap after
{Heap after GC invocations=14 (full 0):
 garbage-first heap   total 88064K, used 46782K [0x0000000080000000, 0x0000000100000000)
  region size 1024K, 2 young (2048K), 2 survivors (2048K)
 Metaspace       used 57089K, committed 58624K, reserved 1114112K
  class space    used 8030K, committed 8768K, reserved 1048576K
}

